<?xml version="1.0" encoding="UTF-8"?>
<!-- Generated by org.testng.reporters.JUnitReportReporter -->
<testsuite hostname="ORCUS-PC" failures="0" tests="1" name="testcases.HomePageTest" time="3.506" errors="0" timestamp="22 Jun 2023 07:13:17 GMT">
  <testcase classname="testcases.HomePageTest" name="lmxLogoImageTest" time="3.506"/>
</testsuite> <!-- testcases.HomePageTest -->
