<?xml version="1.0" encoding="UTF-8"?>
<!-- Generated by org.testng.reporters.JUnitReportReporter -->
<testsuite hostname="ORCUS-PC" failures="0" tests="3" name="testcases.ProfilePageTest" time="4.857" errors="0" timestamp="6 Jul 2023 12:42:58 GMT">
  <testcase classname="testcases.ProfilePageTest" name="profilePageclick" time="2.316"/>
  <testcase classname="testcases.ProfilePageTest" name="firstname" time="2.088"/>
  <testcase classname="testcases.ProfilePageTest" name="lastname" time="0.453"/>
</testsuite> <!-- testcases.ProfilePageTest -->
