<?xml version="1.0" encoding="UTF-8"?>
<!-- Generated by org.testng.reporters.JUnitReportReporter -->
<testsuite hostname="ORCUS-PC" failures="0" tests="3" name="testcases.LoginPageTest" time="0.623" errors="0" timestamp="4 Aug 2023 13:06:49 GMT">
  <testcase classname="testcases.LoginPageTest" name="lmxLogoImageTest" time="0.101"/>
  <testcase classname="testcases.LoginPageTest" name="loginTest" time="0.494"/>
  <testcase classname="testcases.LoginPageTest" name="loginPageTitleTest" time="0.028"/>
</testsuite> <!-- testcases.LoginPageTest -->
